<?xml version="1.0" encoding="UTF-8"?>
<!-- Generated by org.testng.reporters.JUnitReportReporter -->
<testsuite hostname="ROHAN" failures="0" tests="2" name="SeleniumFramework1.TestCases.usingJsonConcept" time="39.372" errors="0" timestamp="2024-06-17T20:50:19 IST" skipped="0">
  <testcase classname="SeleniumFramework1.TestCases.usingJsonConcept" name="submitOrder" time="19.424"/>
  <system-out/>
  <testcase classname="SeleniumFramework1.TestCases.usingJsonConcept" name="submitOrder" time="19.948"/>
  <system-out/>
</testsuite> <!-- SeleniumFramework1.TestCases.usingJsonConcept -->
