<?xml version="1.0" encoding="UTF-8"?>
<!-- Generated by org.testng.reporters.JUnitReportReporter -->
<testsuite hostname="ROHAN" failures="0" tests="2" name="SeleniumFramework1.TestCases.usingTestNGConcepts" time="36.179" errors="0" timestamp="2024-06-16T13:43:50 IST" skipped="0">
  <testcase classname="SeleniumFramework1.TestCases.usingTestNGConcepts" name="submitOrder" time="18.838"/>
  <system-out/>
  <testcase classname="SeleniumFramework1.TestCases.usingTestNGConcepts" name="submitOrder" time="17.341"/>
  <system-out/>
</testsuite> <!-- SeleniumFramework1.TestCases.usingTestNGConcepts -->
