<?xml version="1.0" encoding="UTF-8"?>
<!-- Generated by org.testng.reporters.JUnitReportReporter -->
<testsuite hostname="ROHAN" failures="0" tests="2" name="SeleniumFramework1.TestCases.usingTestNGConcepts2" time="33.733" errors="0" timestamp="2024-06-16T16:14:33 IST" skipped="0">
  <testcase classname="SeleniumFramework1.TestCases.usingTestNGConcepts2" name="submitOrder" time="15.493"/>
  <system-out/>
  <testcase classname="SeleniumFramework1.TestCases.usingTestNGConcepts2" name="submitOrder" time="18.240"/>
  <system-out/>
</testsuite> <!-- SeleniumFramework1.TestCases.usingTestNGConcepts2 -->
