<?xml version="1.0" encoding="UTF-8"?>
<!-- Generated by org.testng.reporters.JUnitReportReporter -->
<testsuite hostname="ROHAN" failures="0" tests="1" name="SeleniumFramework1.TestCases.StandAloneTest3" time="18.725" errors="0" timestamp="2024-06-13T14:01:00 IST" skipped="0">
  <testcase classname="SeleniumFramework1.TestCases.StandAloneTest3" name="submitOrder" time="18.725"/>
  <system-out/>
</testsuite> <!-- SeleniumFramework1.TestCases.StandAloneTest3 -->
