<?xml version="1.0" encoding="UTF-8"?>
<!-- Generated by org.testng.reporters.JUnitReportReporter -->
<testsuite hostname="ROHAN" failures="0" tests="1" name="SeleniumFramework1.TestCases.ErrorValidationTest" time="4.950" errors="0" timestamp="2024-06-16T13:19:35 IST" skipped="0">
  <testcase classname="SeleniumFramework1.TestCases.ErrorValidationTest" name="loginErrorValidation" time="4.950"/>
  <system-out/>
</testsuite> <!-- SeleniumFramework1.TestCases.ErrorValidationTest -->
