<?xml version="1.0" encoding="UTF-8"?>
<!-- Generated by org.testng.reporters.JUnitReportReporter -->
<testsuite hostname="ROHAN" failures="0" tests="2" name="SeleniumFramework1.TestCases.usingTestNGConcepts1" time="38.473" errors="0" timestamp="2024-07-06T12:36:11 IST" skipped="0">
  <testcase classname="SeleniumFramework1.TestCases.usingTestNGConcepts1" name="submitOrder" time="17.686"/>
  <system-out/>
  <testcase classname="SeleniumFramework1.TestCases.usingTestNGConcepts1" name="submitOrder" time="20.787"/>
  <system-out/>
</testsuite> <!-- SeleniumFramework1.TestCases.usingTestNGConcepts1 -->
